[debug] [2021-03-01T23:24:56.645Z] ----------------------------------------------------------------------
[debug] [2021-03-01T23:24:56.647Z] Command:       C:\Program Files\nodejs\node.exe C:\Users\HP\AppData\Roaming\npm\node_modules\firebase-tools\lib\bin\firebase.js init hosting
[debug] [2021-03-01T23:24:56.648Z] CLI Version:   9.5.0
[debug] [2021-03-01T23:24:56.648Z] Platform:      win32
[debug] [2021-03-01T23:24:56.648Z] Node Version:  v14.15.5
[debug] [2021-03-01T23:24:56.649Z] Time:          Tue Mar 02 2021 00:24:56 GMT+0100 (Central European Standard Time)
[debug] [2021-03-01T23:24:56.650Z] ----------------------------------------------------------------------
[debug] [2021-03-01T23:24:56.650Z] 
[debug] [2021-03-01T23:24:56.656Z] > command requires scopes: ["email","openid","https://www.googleapis.com/auth/cloudplatformprojects.readonly","https://www.googleapis.com/auth/firebase","https://www.googleapis.com/auth/cloud-platform"]
[debug] [2021-03-01T23:24:56.657Z] > authorizing via signed-in user
[info] 
     ######## #### ########  ######## ########     ###     ######  ########
     ##        ##  ##     ## ##       ##     ##  ##   ##  ##       ##
     ######    ##  ########  ######   ########  #########  ######  ######
     ##        ##  ##    ##  ##       ##     ## ##     ##       ## ##
     ##       #### ##     ## ######## ########  ##     ##  ######  ########

You're about to initialize a Firebase project in this directory:

  C:\Users\HP\Desktop\projets\build-netflix

[info] 
=== Project Setup
[info] 
[info] First, let's associate this project directory with a Firebase project.
[info] You can create multiple project aliases by running firebase use --add, 
[info] but for now we'll just set up a default project.
[info] 
[debug] [2021-03-01T23:25:00.242Z] > refreshing access token with scopes: []
[debug] [2021-03-01T23:25:00.242Z] >>> HTTP REQUEST POST https://www.googleapis.com/oauth2/v3/token  
 <request body omitted>
[debug] [2021-03-01T23:25:00.598Z] <<< HTTP RESPONSE 200 {"cache-control":"no-cache, no-store, max-age=0, must-revalidate","date":"Mon, 01 Mar 2021 23:25:01 GMT","expires":"Mon, 01 Jan 1990 00:00:00 GMT","pragma":"no-cache","content-type":"application/json; charset=utf-8","vary":"X-Origin, Referer, Origin,Accept-Encoding","server":"scaffolding on HTTPServer2","x-xss-protection":"0","x-frame-options":"SAMEORIGIN","x-content-type-options":"nosniff","alt-svc":"h3-29=\":443\"; ma=2592000,h3-T051=\":443\"; ma=2592000,h3-Q050=\":443\"; ma=2592000,h3-Q046=\":443\"; ma=2592000,h3-Q043=\":443\"; ma=2592000,quic=\":443\"; ma=2592000; v=\"46,43\"","accept-ranges":"none","transfer-encoding":"chunked"}
[debug] [2021-03-01T23:25:00.615Z] >>> [apiv2][query] GET https://firebase.googleapis.com/v1beta1/projects pageSize=100
[debug] [2021-03-01T23:25:01.173Z] <<< [apiv2][status] GET https://firebase.googleapis.com/v1beta1/projects 200
[debug] [2021-03-01T23:25:01.173Z] <<< [apiv2][body] GET https://firebase.googleapis.com/v1beta1/projects [omitted]
